e:\projects\diplomka\diplomkammorpg\externallibraries\cryptlib\cryptopp\win32\cryptlib\release\cryptlib.pch
e:\projects\diplomka\diplomkammorpg\externallibraries\cryptlib\cryptopp\win32\cryptlib\release\cryptlib.pdb
e:\projects\diplomka\diplomkammorpg\externallibraries\cryptlib\cryptopp\win32\cryptlib\release\pch.obj
e:\projects\diplomka\diplomkammorpg\externallibraries\cryptlib\cryptopp\win32\cryptlib\release\blowfish.obj
e:\projects\diplomka\diplomkammorpg\externallibraries\cryptlib\cryptopp\win32\cryptlib\release\blake2-simd.obj
e:\projects\diplomka\diplomkammorpg\externallibraries\cryptlib\cryptopp\win32\cryptlib\release\blake2.obj
e:\projects\diplomka\diplomkammorpg\externallibraries\cryptlib\cryptopp\win32\cryptlib\release\bfinit.obj
e:\projects\diplomka\diplomkammorpg\externallibraries\cryptlib\cryptopp\win32\cryptlib\release\basecode.obj
e:\projects\diplomka\diplomkammorpg\externallibraries\cryptlib\cryptopp\win32\cryptlib\release\base64.obj
e:\projects\diplomka\diplomkammorpg\externallibraries\cryptlib\cryptopp\win32\cryptlib\release\base32.obj
e:\projects\diplomka\diplomkammorpg\externallibraries\cryptlib\cryptopp\win32\cryptlib\release\authenc.obj
e:\projects\diplomka\diplomkammorpg\externallibraries\cryptlib\cryptopp\win32\cryptlib\release\asn.obj
e:\projects\diplomka\diplomkammorpg\externallibraries\cryptlib\cryptopp\win32\cryptlib\release\ariatab.obj
e:\projects\diplomka\diplomkammorpg\externallibraries\cryptlib\cryptopp\win32\cryptlib\release\aria-simd.obj
e:\projects\diplomka\diplomkammorpg\externallibraries\cryptlib\cryptopp\win32\cryptlib\release\aria.obj
e:\projects\diplomka\diplomkammorpg\externallibraries\cryptlib\cryptopp\win32\cryptlib\release\arc4.obj
e:\projects\diplomka\diplomkammorpg\externallibraries\cryptlib\cryptopp\win32\cryptlib\release\algparam.obj
e:\projects\diplomka\diplomkammorpg\externallibraries\cryptlib\cryptopp\win32\cryptlib\release\algebra.obj
e:\projects\diplomka\diplomkammorpg\externallibraries\cryptlib\cryptopp\win32\cryptlib\release\adler32.obj
e:\projects\diplomka\diplomkammorpg\externallibraries\cryptlib\cryptopp\win32\cryptlib\release\3way.obj
e:\projects\diplomka\diplomkammorpg\externallibraries\cryptlib\cryptopp\win32\cryptlib\release\integer.obj
e:\projects\diplomka\diplomkammorpg\externallibraries\cryptlib\cryptopp\win32\cryptlib\release\cpu.obj
e:\projects\diplomka\diplomkammorpg\externallibraries\cryptlib\cryptopp\win32\cryptlib\release\cryptlib.obj
e:\projects\diplomka\diplomkammorpg\externallibraries\cryptlib\cryptopp\win32\cryptlib\release\ecp.obj
e:\projects\diplomka\diplomkammorpg\externallibraries\cryptlib\cryptopp\win32\cryptlib\release\ec2n.obj
e:\projects\diplomka\diplomkammorpg\externallibraries\cryptlib\cryptopp\win32\cryptlib\release\eax.obj
e:\projects\diplomka\diplomkammorpg\externallibraries\cryptlib\cryptopp\win32\cryptlib\release\dsa.obj
e:\projects\diplomka\diplomkammorpg\externallibraries\cryptlib\cryptopp\win32\cryptlib\release\dh2.obj
e:\projects\diplomka\diplomkammorpg\externallibraries\cryptlib\cryptopp\win32\cryptlib\release\dh.obj
e:\projects\diplomka\diplomkammorpg\externallibraries\cryptlib\cryptopp\win32\cryptlib\release\dessp.obj
e:\projects\diplomka\diplomkammorpg\externallibraries\cryptlib\cryptopp\win32\cryptlib\release\des.obj
e:\projects\diplomka\diplomkammorpg\externallibraries\cryptlib\cryptopp\win32\cryptlib\release\default.obj
e:\projects\diplomka\diplomkammorpg\externallibraries\cryptlib\cryptopp\win32\cryptlib\release\crc-simd.obj
e:\projects\diplomka\diplomkammorpg\externallibraries\cryptlib\cryptopp\win32\cryptlib\release\crc.obj
e:\projects\diplomka\diplomkammorpg\externallibraries\cryptlib\cryptopp\win32\cryptlib\release\cmac.obj
e:\projects\diplomka\diplomkammorpg\externallibraries\cryptlib\cryptopp\win32\cryptlib\release\channels.obj
e:\projects\diplomka\diplomkammorpg\externallibraries\cryptlib\cryptopp\win32\cryptlib\release\chacha.obj
e:\projects\diplomka\diplomkammorpg\externallibraries\cryptlib\cryptopp\win32\cryptlib\release\ccm.obj
e:\projects\diplomka\diplomkammorpg\externallibraries\cryptlib\cryptopp\win32\cryptlib\release\cbcmac.obj
e:\projects\diplomka\diplomkammorpg\externallibraries\cryptlib\cryptopp\win32\cryptlib\release\casts.obj
e:\projects\diplomka\diplomkammorpg\externallibraries\cryptlib\cryptopp\win32\cryptlib\release\cast.obj
e:\projects\diplomka\diplomkammorpg\externallibraries\cryptlib\cryptopp\win32\cryptlib\release\camellia.obj
e:\projects\diplomka\diplomkammorpg\externallibraries\cryptlib\cryptopp\win32\cryptlib\release\blumshub.obj
e:\projects\diplomka\diplomkammorpg\externallibraries\cryptlib\cryptopp\win32\cryptlib\release\idea.obj
e:\projects\diplomka\diplomkammorpg\externallibraries\cryptlib\cryptopp\win32\cryptlib\release\ida.obj
e:\projects\diplomka\diplomkammorpg\externallibraries\cryptlib\cryptopp\win32\cryptlib\release\hrtimer.obj
e:\projects\diplomka\diplomkammorpg\externallibraries\cryptlib\cryptopp\win32\cryptlib\release\hmac.obj
e:\projects\diplomka\diplomkammorpg\externallibraries\cryptlib\cryptopp\win32\cryptlib\release\hex.obj
e:\projects\diplomka\diplomkammorpg\externallibraries\cryptlib\cryptopp\win32\cryptlib\release\gzip.obj
e:\projects\diplomka\diplomkammorpg\externallibraries\cryptlib\cryptopp\win32\cryptlib\release\gost.obj
e:\projects\diplomka\diplomkammorpg\externallibraries\cryptlib\cryptopp\win32\cryptlib\release\gfpcrypt.obj
e:\projects\diplomka\diplomkammorpg\externallibraries\cryptlib\cryptopp\win32\cryptlib\release\gf2n.obj
e:\projects\diplomka\diplomkammorpg\externallibraries\cryptlib\cryptopp\win32\cryptlib\release\gf2_32.obj
e:\projects\diplomka\diplomkammorpg\externallibraries\cryptlib\cryptopp\win32\cryptlib\release\gf256.obj
e:\projects\diplomka\diplomkammorpg\externallibraries\cryptlib\cryptopp\win32\cryptlib\release\gcm-simd.obj
e:\projects\diplomka\diplomkammorpg\externallibraries\cryptlib\cryptopp\win32\cryptlib\release\gcm.obj
e:\projects\diplomka\diplomkammorpg\externallibraries\cryptlib\cryptopp\win32\cryptlib\release\fipstest.obj
e:\projects\diplomka\diplomkammorpg\externallibraries\cryptlib\cryptopp\win32\cryptlib\release\fips140.obj
e:\projects\diplomka\diplomkammorpg\externallibraries\cryptlib\cryptopp\win32\cryptlib\release\filters.obj
e:\projects\diplomka\diplomkammorpg\externallibraries\cryptlib\cryptopp\win32\cryptlib\release\files.obj
e:\projects\diplomka\diplomkammorpg\externallibraries\cryptlib\cryptopp\win32\cryptlib\release\esign.obj
e:\projects\diplomka\diplomkammorpg\externallibraries\cryptlib\cryptopp\win32\cryptlib\release\emsa2.obj
e:\projects\diplomka\diplomkammorpg\externallibraries\cryptlib\cryptopp\win32\cryptlib\release\elgamal.obj
e:\projects\diplomka\diplomkammorpg\externallibraries\cryptlib\cryptopp\win32\cryptlib\release\pkcspad.obj
e:\projects\diplomka\diplomkammorpg\externallibraries\cryptlib\cryptopp\win32\cryptlib\release\panama.obj
e:\projects\diplomka\diplomkammorpg\externallibraries\cryptlib\cryptopp\win32\cryptlib\release\padlkrng.obj
e:\projects\diplomka\diplomkammorpg\externallibraries\cryptlib\cryptopp\win32\cryptlib\release\osrng.obj
e:\projects\diplomka\diplomkammorpg\externallibraries\cryptlib\cryptopp\win32\cryptlib\release\oaep.obj
e:\projects\diplomka\diplomkammorpg\externallibraries\cryptlib\cryptopp\win32\cryptlib\release\network.obj
e:\projects\diplomka\diplomkammorpg\externallibraries\cryptlib\cryptopp\win32\cryptlib\release\nbtheory.obj
e:\projects\diplomka\diplomkammorpg\externallibraries\cryptlib\cryptopp\win32\cryptlib\release\mqv.obj
e:\projects\diplomka\diplomkammorpg\externallibraries\cryptlib\cryptopp\win32\cryptlib\release\mqueue.obj
e:\projects\diplomka\diplomkammorpg\externallibraries\cryptlib\cryptopp\win32\cryptlib\release\modes.obj
e:\projects\diplomka\diplomkammorpg\externallibraries\cryptlib\cryptopp\win32\cryptlib\release\misc.obj
e:\projects\diplomka\diplomkammorpg\externallibraries\cryptlib\cryptopp\win32\cryptlib\release\md5.obj
e:\projects\diplomka\diplomkammorpg\externallibraries\cryptlib\cryptopp\win32\cryptlib\release\md4.obj
e:\projects\diplomka\diplomkammorpg\externallibraries\cryptlib\cryptopp\win32\cryptlib\release\md2.obj
e:\projects\diplomka\diplomkammorpg\externallibraries\cryptlib\cryptopp\win32\cryptlib\release\marss.obj
e:\projects\diplomka\diplomkammorpg\externallibraries\cryptlib\cryptopp\win32\cryptlib\release\mars.obj
e:\projects\diplomka\diplomkammorpg\externallibraries\cryptlib\cryptopp\win32\cryptlib\release\luc.obj
e:\projects\diplomka\diplomkammorpg\externallibraries\cryptlib\cryptopp\win32\cryptlib\release\keccak.obj
e:\projects\diplomka\diplomkammorpg\externallibraries\cryptlib\cryptopp\win32\cryptlib\release\kalynatab.obj
e:\projects\diplomka\diplomkammorpg\externallibraries\cryptlib\cryptopp\win32\cryptlib\release\kalyna.obj
e:\projects\diplomka\diplomkammorpg\externallibraries\cryptlib\cryptopp\win32\cryptlib\release\salsa.obj
e:\projects\diplomka\diplomkammorpg\externallibraries\cryptlib\cryptopp\win32\cryptlib\release\safer.obj
e:\projects\diplomka\diplomkammorpg\externallibraries\cryptlib\cryptopp\win32\cryptlib\release\rw.obj
e:\projects\diplomka\diplomkammorpg\externallibraries\cryptlib\cryptopp\win32\cryptlib\release\rsa.obj
e:\projects\diplomka\diplomkammorpg\externallibraries\cryptlib\cryptopp\win32\cryptlib\release\rng.obj
e:\projects\diplomka\diplomkammorpg\externallibraries\cryptlib\cryptopp\win32\cryptlib\release\ripemd.obj
e:\projects\diplomka\diplomkammorpg\externallibraries\cryptlib\cryptopp\win32\cryptlib\release\rijndael-simd.obj
e:\projects\diplomka\diplomkammorpg\externallibraries\cryptlib\cryptopp\win32\cryptlib\release\rijndael.obj
e:\projects\diplomka\diplomkammorpg\externallibraries\cryptlib\cryptopp\win32\cryptlib\release\rdtables.obj
e:\projects\diplomka\diplomkammorpg\externallibraries\cryptlib\cryptopp\win32\cryptlib\release\rdrand.obj
e:\projects\diplomka\diplomkammorpg\externallibraries\cryptlib\cryptopp\win32\cryptlib\release\rc6.obj
e:\projects\diplomka\diplomkammorpg\externallibraries\cryptlib\cryptopp\win32\cryptlib\release\rc5.obj
e:\projects\diplomka\diplomkammorpg\externallibraries\cryptlib\cryptopp\win32\cryptlib\release\rc2.obj
e:\projects\diplomka\diplomkammorpg\externallibraries\cryptlib\cryptopp\win32\cryptlib\release\randpool.obj
e:\projects\diplomka\diplomkammorpg\externallibraries\cryptlib\cryptopp\win32\cryptlib\release\rabin.obj
e:\projects\diplomka\diplomkammorpg\externallibraries\cryptlib\cryptopp\win32\cryptlib\release\queue.obj
e:\projects\diplomka\diplomkammorpg\externallibraries\cryptlib\cryptopp\win32\cryptlib\release\pubkey.obj
e:\projects\diplomka\diplomkammorpg\externallibraries\cryptlib\cryptopp\win32\cryptlib\release\pssr.obj
e:\projects\diplomka\diplomkammorpg\externallibraries\cryptlib\cryptopp\win32\cryptlib\release\polynomi.obj
e:\projects\diplomka\diplomkammorpg\externallibraries\cryptlib\cryptopp\win32\cryptlib\release\poly1305.obj
e:\projects\diplomka\diplomkammorpg\externallibraries\cryptlib\cryptopp\win32\cryptlib\release\speck-simd.obj
e:\projects\diplomka\diplomkammorpg\externallibraries\cryptlib\cryptopp\win32\cryptlib\release\speck.obj
e:\projects\diplomka\diplomkammorpg\externallibraries\cryptlib\cryptopp\win32\cryptlib\release\sosemanuk.obj
e:\projects\diplomka\diplomkammorpg\externallibraries\cryptlib\cryptopp\win32\cryptlib\release\socketft.obj
e:\projects\diplomka\diplomkammorpg\externallibraries\cryptlib\cryptopp\win32\cryptlib\release\sm4.obj
e:\projects\diplomka\diplomkammorpg\externallibraries\cryptlib\cryptopp\win32\cryptlib\release\sm3.obj
e:\projects\diplomka\diplomkammorpg\externallibraries\cryptlib\cryptopp\win32\cryptlib\release\skipjack.obj
e:\projects\diplomka\diplomkammorpg\externallibraries\cryptlib\cryptopp\win32\cryptlib\release\simple.obj
e:\projects\diplomka\diplomkammorpg\externallibraries\cryptlib\cryptopp\win32\cryptlib\release\simon-simd.obj
e:\projects\diplomka\diplomkammorpg\externallibraries\cryptlib\cryptopp\win32\cryptlib\release\simon.obj
e:\projects\diplomka\diplomkammorpg\externallibraries\cryptlib\cryptopp\win32\cryptlib\release\sharkbox.obj
e:\projects\diplomka\diplomkammorpg\externallibraries\cryptlib\cryptopp\win32\cryptlib\release\shark.obj
e:\projects\diplomka\diplomkammorpg\externallibraries\cryptlib\cryptopp\win32\cryptlib\release\shacal2-simd.obj
e:\projects\diplomka\diplomkammorpg\externallibraries\cryptlib\cryptopp\win32\cryptlib\release\shacal2.obj
e:\projects\diplomka\diplomkammorpg\externallibraries\cryptlib\cryptopp\win32\cryptlib\release\sha3.obj
e:\projects\diplomka\diplomkammorpg\externallibraries\cryptlib\cryptopp\win32\cryptlib\release\sha-simd.obj
e:\projects\diplomka\diplomkammorpg\externallibraries\cryptlib\cryptopp\win32\cryptlib\release\sha.obj
e:\projects\diplomka\diplomkammorpg\externallibraries\cryptlib\cryptopp\win32\cryptlib\release\serpent.obj
e:\projects\diplomka\diplomkammorpg\externallibraries\cryptlib\cryptopp\win32\cryptlib\release\seed.obj
e:\projects\diplomka\diplomkammorpg\externallibraries\cryptlib\cryptopp\win32\cryptlib\release\seal.obj
e:\projects\diplomka\diplomkammorpg\externallibraries\cryptlib\cryptopp\win32\cryptlib\release\xtrcrypt.obj
e:\projects\diplomka\diplomkammorpg\externallibraries\cryptlib\cryptopp\win32\cryptlib\release\xtr.obj
e:\projects\diplomka\diplomkammorpg\externallibraries\cryptlib\cryptopp\win32\cryptlib\release\winpipes.obj
e:\projects\diplomka\diplomkammorpg\externallibraries\cryptlib\cryptopp\win32\cryptlib\release\whrlpool.obj
e:\projects\diplomka\diplomkammorpg\externallibraries\cryptlib\cryptopp\win32\cryptlib\release\wake.obj
e:\projects\diplomka\diplomkammorpg\externallibraries\cryptlib\cryptopp\win32\cryptlib\release\wait.obj
e:\projects\diplomka\diplomkammorpg\externallibraries\cryptlib\cryptopp\win32\cryptlib\release\vmac.obj
e:\projects\diplomka\diplomkammorpg\externallibraries\cryptlib\cryptopp\win32\cryptlib\release\twofish.obj
e:\projects\diplomka\diplomkammorpg\externallibraries\cryptlib\cryptopp\win32\cryptlib\release\tweetnacl.obj
e:\projects\diplomka\diplomkammorpg\externallibraries\cryptlib\cryptopp\win32\cryptlib\release\ttmac.obj
e:\projects\diplomka\diplomkammorpg\externallibraries\cryptlib\cryptopp\win32\cryptlib\release\trdlocal.obj
e:\projects\diplomka\diplomkammorpg\externallibraries\cryptlib\cryptopp\win32\cryptlib\release\tigertab.obj
e:\projects\diplomka\diplomkammorpg\externallibraries\cryptlib\cryptopp\win32\cryptlib\release\tiger.obj
e:\projects\diplomka\diplomkammorpg\externallibraries\cryptlib\cryptopp\win32\cryptlib\release\threefish.obj
e:\projects\diplomka\diplomkammorpg\externallibraries\cryptlib\cryptopp\win32\cryptlib\release\tftables.obj
e:\projects\diplomka\diplomkammorpg\externallibraries\cryptlib\cryptopp\win32\cryptlib\release\tea.obj
e:\projects\diplomka\diplomkammorpg\externallibraries\cryptlib\cryptopp\win32\cryptlib\release\strciphr.obj
e:\projects\diplomka\diplomkammorpg\externallibraries\cryptlib\cryptopp\win32\cryptlib\release\sse-simd.obj
e:\projects\diplomka\diplomkammorpg\externallibraries\cryptlib\cryptopp\win32\cryptlib\release\squaretb.obj
e:\projects\diplomka\diplomkammorpg\externallibraries\cryptlib\cryptopp\win32\cryptlib\release\square.obj
e:\projects\diplomka\diplomkammorpg\externallibraries\cryptlib\cryptopp\win32\cryptlib\release\zlib.obj
e:\projects\diplomka\diplomkammorpg\externallibraries\cryptlib\cryptopp\win32\cryptlib\release\zinflate.obj
e:\projects\diplomka\diplomkammorpg\externallibraries\cryptlib\cryptopp\win32\cryptlib\release\zdeflate.obj
e:\projects\diplomka\diplomkammorpg\externallibraries\cryptlib\cryptopp\win32\cryptlib\release\iterhash.obj
e:\projects\diplomka\diplomkammorpg\externallibraries\cryptlib\cryptopp\win32\cryptlib\release\dll.obj
e:\projects\diplomka\diplomkammorpg\externallibraries\cryptlib\cryptopp\adhoc.cpp.copied
e:\projects\diplomka\diplomkammorpg\externallibraries\cryptlib\cryptopp\win32\cryptlib\release\rdrand-x86.obj
e:\projects\diplomka\diplomkammorpg\externallibraries\cryptlib\cryptopp\win32\output\release\cryptlib.lib
e:\projects\diplomka\diplomkammorpg\externallibraries\cryptlib\cryptopp\win32\cryptlib\release\cryptlib.tlog\cl.command.1.tlog
e:\projects\diplomka\diplomkammorpg\externallibraries\cryptlib\cryptopp\win32\cryptlib\release\cryptlib.tlog\cl.read.1.tlog
e:\projects\diplomka\diplomkammorpg\externallibraries\cryptlib\cryptopp\win32\cryptlib\release\cryptlib.tlog\cl.write.1.tlog
e:\projects\diplomka\diplomkammorpg\externallibraries\cryptlib\cryptopp\win32\cryptlib\release\cryptlib.tlog\custombuild.command.1.tlog
e:\projects\diplomka\diplomkammorpg\externallibraries\cryptlib\cryptopp\win32\cryptlib\release\cryptlib.tlog\custombuild.read.1.tlog
e:\projects\diplomka\diplomkammorpg\externallibraries\cryptlib\cryptopp\win32\cryptlib\release\cryptlib.tlog\custombuild.write.1.tlog
e:\projects\diplomka\diplomkammorpg\externallibraries\cryptlib\cryptopp\win32\cryptlib\release\cryptlib.tlog\lib-link.read.1.tlog
e:\projects\diplomka\diplomkammorpg\externallibraries\cryptlib\cryptopp\win32\cryptlib\release\cryptlib.tlog\lib-link.write.1.tlog
e:\projects\diplomka\diplomkammorpg\externallibraries\cryptlib\cryptopp\win32\cryptlib\release\cryptlib.tlog\lib.command.1.tlog
